<?xml version="1.0" encoding="UTF-8"?>
<!-- Generated by org.testng.reporters.JUnitReportReporter -->
<testsuite skipped="0" hostname="DESKTOP-BBSEOLO" name="tests.loginpageTest" tests="2" failures="0" timestamp="12 Jul 2019 17:55:47 GMT" time="11.135" errors="0">
  <testcase name="verifyLogin" time="3.014" classname="tests.loginpageTest"/>
  <testcase name="verifygetData" time="8.121" classname="tests.loginpageTest"/>
</testsuite> <!-- tests.loginpageTest -->
